<?xml version="1.0" encoding="UTF-8"?>
<coverage generated="1758896538436" clover="3.2.0">
  <project timestamp="1758896538436" name="All files">
    <metrics statements="163" coveredstatements="0" conditionals="5" coveredconditionals="0" methods="5" coveredmethods="0" elements="173" coveredelements="0" complexity="0" loc="163" ncloc="163" packages="1" files="5" classes="5"/>
    <file name="App.jsx" path="/home/marco/Git/programming-project-bandit/multiarm-bandit/src/App.jsx">
      <metrics statements="21" coveredstatements="0" conditionals="1" coveredconditionals="0" methods="1" coveredmethods="0"/>
      <line num="1" count="0" type="cond" truecount="0" falsecount="1"/>
      <line num="2" count="0" type="stmt"/>
      <line num="3" count="0" type="stmt"/>
      <line num="5" count="0" type="stmt"/>
      <line num="6" count="0" type="stmt"/>
      <line num="7" count="0" type="stmt"/>
      <line num="8" count="0" type="stmt"/>
      <line num="9" count="0" type="stmt"/>
      <line num="10" count="0" type="stmt"/>
      <line num="11" count="0" type="stmt"/>
      <line num="12" count="0" type="stmt"/>
      <line num="14" count="0" type="stmt"/>
      <line num="15" count="0" type="stmt"/>
      <line num="16" count="0" type="stmt"/>
      <line num="17" count="0" type="stmt"/>
      <line num="18" count="0" type="stmt"/>
      <line num="19" count="0" type="stmt"/>
      <line num="20" count="0" type="stmt"/>
      <line num="21" count="0" type="stmt"/>
      <line num="22" count="0" type="stmt"/>
      <line num="24" count="0" type="stmt"/>
    </file>
    <file name="BernoulliBandit.js" path="/home/marco/Git/programming-project-bandit/multiarm-bandit/src/BernoulliBandit.js">
      <metrics statements="15" coveredstatements="0" conditionals="1" coveredconditionals="0" methods="1" coveredmethods="0"/>
      <line num="1" count="0" type="cond" truecount="0" falsecount="1"/>
      <line num="2" count="0" type="stmt"/>
      <line num="3" count="0" type="stmt"/>
      <line num="4" count="0" type="stmt"/>
      <line num="6" count="0" type="stmt"/>
      <line num="7" count="0" type="stmt"/>
      <line num="8" count="0" type="stmt"/>
      <line num="9" count="0" type="stmt"/>
      <line num="10" count="0" type="stmt"/>
      <line num="11" count="0" type="stmt"/>
      <line num="12" count="0" type="stmt"/>
      <line num="14" count="0" type="stmt"/>
      <line num="15" count="0" type="stmt"/>
      <line num="16" count="0" type="stmt"/>
      <line num="17" count="0" type="stmt"/>
    </file>
    <file name="BernoulliBandit.jsx" path="/home/marco/Git/programming-project-bandit/multiarm-bandit/src/BernoulliBandit.jsx">
      <metrics statements="99" coveredstatements="0" conditionals="1" coveredconditionals="0" methods="1" coveredmethods="0"/>
      <line num="1" count="0" type="cond" truecount="0" falsecount="1"/>
      <line num="2" count="0" type="stmt"/>
      <line num="3" count="0" type="stmt"/>
      <line num="4" count="0" type="stmt"/>
      <line num="5" count="0" type="stmt"/>
      <line num="7" count="0" type="stmt"/>
      <line num="9" count="0" type="stmt"/>
      <line num="10" count="0" type="stmt"/>
      <line num="11" count="0" type="stmt"/>
      <line num="12" count="0" type="stmt"/>
      <line num="13" count="0" type="stmt"/>
      <line num="15" count="0" type="stmt"/>
      <line num="16" count="0" type="stmt"/>
      <line num="17" count="0" type="stmt"/>
      <line num="18" count="0" type="stmt"/>
      <line num="19" count="0" type="stmt"/>
      <line num="21" count="0" type="stmt"/>
      <line num="22" count="0" type="stmt"/>
      <line num="23" count="0" type="stmt"/>
      <line num="24" count="0" type="stmt"/>
      <line num="25" count="0" type="stmt"/>
      <line num="26" count="0" type="stmt"/>
      <line num="28" count="0" type="stmt"/>
      <line num="29" count="0" type="stmt"/>
      <line num="30" count="0" type="stmt"/>
      <line num="31" count="0" type="stmt"/>
      <line num="33" count="0" type="stmt"/>
      <line num="34" count="0" type="stmt"/>
      <line num="35" count="0" type="stmt"/>
      <line num="36" count="0" type="stmt"/>
      <line num="37" count="0" type="stmt"/>
      <line num="39" count="0" type="stmt"/>
      <line num="40" count="0" type="stmt"/>
      <line num="41" count="0" type="stmt"/>
      <line num="42" count="0" type="stmt"/>
      <line num="43" count="0" type="stmt"/>
      <line num="45" count="0" type="stmt"/>
      <line num="46" count="0" type="stmt"/>
      <line num="47" count="0" type="stmt"/>
      <line num="48" count="0" type="stmt"/>
      <line num="49" count="0" type="stmt"/>
      <line num="50" count="0" type="stmt"/>
      <line num="51" count="0" type="stmt"/>
      <line num="52" count="0" type="stmt"/>
      <line num="53" count="0" type="stmt"/>
      <line num="55" count="0" type="stmt"/>
      <line num="56" count="0" type="stmt"/>
      <line num="57" count="0" type="stmt"/>
      <line num="58" count="0" type="stmt"/>
      <line num="60" count="0" type="stmt"/>
      <line num="61" count="0" type="stmt"/>
      <line num="62" count="0" type="stmt"/>
      <line num="63" count="0" type="stmt"/>
      <line num="64" count="0" type="stmt"/>
      <line num="65" count="0" type="stmt"/>
      <line num="66" count="0" type="stmt"/>
      <line num="68" count="0" type="stmt"/>
      <line num="69" count="0" type="stmt"/>
      <line num="71" count="0" type="stmt"/>
      <line num="72" count="0" type="stmt"/>
      <line num="73" count="0" type="stmt"/>
      <line num="74" count="0" type="stmt"/>
      <line num="75" count="0" type="stmt"/>
      <line num="76" count="0" type="stmt"/>
      <line num="77" count="0" type="stmt"/>
      <line num="78" count="0" type="stmt"/>
      <line num="79" count="0" type="stmt"/>
      <line num="81" count="0" type="stmt"/>
      <line num="82" count="0" type="stmt"/>
      <line num="84" count="0" type="stmt"/>
      <line num="85" count="0" type="stmt"/>
      <line num="86" count="0" type="stmt"/>
      <line num="87" count="0" type="stmt"/>
      <line num="88" count="0" type="stmt"/>
      <line num="89" count="0" type="stmt"/>
      <line num="90" count="0" type="stmt"/>
      <line num="91" count="0" type="stmt"/>
      <line num="93" count="0" type="stmt"/>
      <line num="94" count="0" type="stmt"/>
      <line num="96" count="0" type="stmt"/>
      <line num="97" count="0" type="stmt"/>
      <line num="98" count="0" type="stmt"/>
      <line num="99" count="0" type="stmt"/>
      <line num="100" count="0" type="stmt"/>
      <line num="102" count="0" type="stmt"/>
      <line num="103" count="0" type="stmt"/>
      <line num="104" count="0" type="stmt"/>
      <line num="105" count="0" type="stmt"/>
      <line num="106" count="0" type="stmt"/>
      <line num="107" count="0" type="stmt"/>
      <line num="108" count="0" type="stmt"/>
      <line num="109" count="0" type="stmt"/>
      <line num="110" count="0" type="stmt"/>
      <line num="111" count="0" type="stmt"/>
      <line num="112" count="0" type="stmt"/>
      <line num="113" count="0" type="stmt"/>
      <line num="114" count="0" type="stmt"/>
      <line num="115" count="0" type="stmt"/>
      <line num="117" count="0" type="stmt"/>
    </file>
    <file name="Methode2.jsx" path="/home/marco/Git/programming-project-bandit/multiarm-bandit/src/Methode2.jsx">
      <metrics statements="9" coveredstatements="0" conditionals="1" coveredconditionals="0" methods="1" coveredmethods="0"/>
      <line num="1" count="0" type="cond" truecount="0" falsecount="1"/>
      <line num="3" count="0" type="stmt"/>
      <line num="4" count="0" type="stmt"/>
      <line num="5" count="0" type="stmt"/>
      <line num="6" count="0" type="stmt"/>
      <line num="7" count="0" type="stmt"/>
      <line num="8" count="0" type="stmt"/>
      <line num="9" count="0" type="stmt"/>
      <line num="11" count="0" type="stmt"/>
    </file>
    <file name="main.jsx" path="/home/marco/Git/programming-project-bandit/multiarm-bandit/src/main.jsx">
      <metrics statements="19" coveredstatements="0" conditionals="1" coveredconditionals="0" methods="1" coveredmethods="0"/>
      <line num="1" count="0" type="cond" truecount="0" falsecount="1"/>
      <line num="2" count="0" type="stmt"/>
      <line num="3" count="0" type="stmt"/>
      <line num="4" count="0" type="stmt"/>
      <line num="5" count="0" type="stmt"/>
      <line num="6" count="0" type="stmt"/>
      <line num="7" count="0" type="stmt"/>
      <line num="9" count="0" type="stmt"/>
      <line num="10" count="0" type="stmt"/>
      <line num="11" count="0" type="stmt"/>
      <line num="12" count="0" type="stmt"/>
      <line num="13" count="0" type="stmt"/>
      <line num="14" count="0" type="stmt"/>
      <line num="15" count="0" type="stmt"/>
      <line num="16" count="0" type="stmt"/>
      <line num="17" count="0" type="stmt"/>
      <line num="18" count="0" type="stmt"/>
      <line num="19" count="0" type="stmt"/>
      <line num="20" count="0" type="stmt"/>
    </file>
  </project>
</coverage>
